#
# There is insufficient memory for the Java Runtime Environment to continue.
# Native memory allocation (mmap) failed to map 134217728 bytes for Failed to commit area from 0x0000000081200000 to 0x0000000089200000 of length 134217728.
# Possible reasons:
#   The system is out of physical RAM or swap space
#   The process is running with CompressedOops enabled, and the Java Heap may be blocking the growth of the native heap
# Possible solutions:
#   Reduce memory load on the system
#   Increase physical memory or swap space
#   Check if swap backing store is full
#   Decrease Java heap size (-Xmx/-Xms)
#   Decrease number of Java threads
#   Decrease Java thread stack sizes (-Xss)
#   Set larger code cache with -XX:ReservedCodeCacheSize=
# This output file may be truncated or incomplete.
#
#  Out of Memory Error (./open/src/hotspot/os/windows/os_windows.cpp:3292), pid=20152, tid=3520
#
# JRE version:  (11.0.18+9) (build )
# Java VM: Java HotSpot(TM) 64-Bit Server VM (11.0.18+9-LTS-195, mixed mode, sharing, tiered, compressed oops, g1 gc, windows-amd64)
# No core dump will be written. Minidumps are not enabled by default on client versions of Windows
#

---------------  S U M M A R Y ------------

Command Line: -Dfile.encoding=UTF-8 dao.Main

Host: Intel(R) Core(TM) i7-9750HF CPU @ 2.60GHz, 12 cores, 7G,  Windows 11 , 64 bit Build 22621 (10.0.22621.1485)
Time: Sun Apr 30 14:15:40 2023 SE Asia Standard Time elapsed time: 0.011647 seconds (0d 0h 0m 0s)

---------------  T H R E A D  ---------------

Current thread (0x000001995f2a1000):  JavaThread "Unknown thread" [_thread_in_vm, id=3520, stack(0x00000013ef600000,0x00000013ef700000)]

Stack: [0x00000013ef600000,0x00000013ef700000]
Native frames: (J=compiled Java code, j=interpreted, Vv=VM code, C=native code)
V  [jvm.dll+0x65d8aa]
V  [jvm.dll+0x79fc1f]
V  [jvm.dll+0x7a12e9]
V  [jvm.dll+0x7a1983]
V  [jvm.dll+0x2585b5]
V  [jvm.dll+0x65ac09]
V  [jvm.dll+0x64f8e5]
V  [jvm.dll+0x311d4d]
V  [jvm.dll+0x311bb2]
V  [jvm.dll+0x3167e6]
V  [jvm.dll+0x35e8d0]
V  [jvm.dll+0x35e342]
V  [jvm.dll+0x2ed488]
V  [jvm.dll+0x2ee595]
V  [jvm.dll+0x779257]
V  [jvm.dll+0x77ab3f]
V  [jvm.dll+0x36bb59]
V  [jvm.dll+0x75dd4f]
V  [jvm.dll+0x3dd5b7]
V  [jvm.dll+0x3df661]
C  [jli.dll+0x52e7]
C  [ucrtbase.dll+0x29363]
C  [KERNEL32.DLL+0x1269d]
C  [ntdll.dll+0x5a9f8]


---------------  P R O C E S S  ---------------

Threads class SMR info:
_java_thread_list=0x000001995cfe6f40, length=0, elements={
}

Java Threads: ( => current thread )

Other Threads:
  0x000001995f2b5000 GCTaskThread "GC Thread#0" [stack: 0x00000013ef700000,0x00000013ef800000] [id=18564]
  0x000001995f2e9000 ConcurrentGCThread "G1 Main Marker" [stack: 0x00000013ef800000,0x00000013ef900000] [id=7116]
  0x000001995f2ec000 ConcurrentGCThread "G1 Conc#0" [stack: 0x00000013ef900000,0x00000013efa00000] [id=24308]

[error occurred during error reporting (printing all threads), id 0xc0000005, EXCEPTION_ACCESS_VIOLATION (0xc0000005) at pc=0x00007ffeaf9aded7]

VM state:not at safepoint (not fully initialized)

VM Mutex/Monitor currently owned by a thread:  ([mutex/lock_event])
[0x000001995f29b7d0] Heap_lock - owner thread: 0x000001995f2a1000

Heap address: 0x0000000081200000, size: 2030 MB, Compressed Oops mode: Non-zero based: 0x0000000081200000
Narrow klass base: 0x0000000000000000, Narrow klass shift: 0

GC Heap History (0 events):
No events

Deoptimization events (0 events):
No events

Classes redefined (0 events):
No events

Internal exceptions (0 events):
No events

Events (0 events):
No events


Dynamic libraries:
0x00007ff733100000 - 0x00007ff733110000 	C:\Program Files\Java\jdk-11\bin\java.exe
0x00007fff1d830000 - 0x00007fff1da44000 	C:\WINDOWS\SYSTEM32\ntdll.dll
0x00007fff1c7f0000 - 0x00007fff1c8b2000 	C:\WINDOWS\System32\KERNEL32.DLL
0x00007fff1adc0000 - 0x00007fff1b15c000 	C:\WINDOWS\System32\KERNELBASE.dll
0x00007fff1ac70000 - 0x00007fff1ad81000 	C:\WINDOWS\System32\ucrtbase.dll
0x00007fff093d0000 - 0x00007fff093eb000 	C:\Program Files\Java\jdk-11\bin\VCRUNTIME140.dll
0x00007fff0f340000 - 0x00007fff0f358000 	C:\Program Files\Java\jdk-11\bin\jli.dll
0x00007fff1bf30000 - 0x00007fff1bfde000 	C:\WINDOWS\System32\ADVAPI32.dll
0x00007fff1b900000 - 0x00007fff1b9a7000 	C:\WINDOWS\System32\msvcrt.dll
0x00007fff1b650000 - 0x00007fff1b6f4000 	C:\WINDOWS\System32\sechost.dll
0x00007fff1d6d0000 - 0x00007fff1d7e7000 	C:\WINDOWS\System32\RPCRT4.dll
0x00007fff1b9c0000 - 0x00007fff1bb6b000 	C:\WINDOWS\System32\USER32.dll
0x00007fff1ad90000 - 0x00007fff1adb6000 	C:\WINDOWS\System32\win32u.dll
0x00007fff01a90000 - 0x00007fff01d1e000 	C:\WINDOWS\WinSxS\amd64_microsoft.windows.common-controls_6595b64144ccf1df_6.0.22621.608_none_a9444ca7c10bb01d\COMCTL32.dll
0x00007fff1caf0000 - 0x00007fff1cb19000 	C:\WINDOWS\System32\GDI32.dll
0x00007fff1b2f0000 - 0x00007fff1b403000 	C:\WINDOWS\System32\gdi32full.dll
0x00007fff1b250000 - 0x00007fff1b2ea000 	C:\WINDOWS\System32\msvcp_win.dll
0x00007fff12cd0000 - 0x00007fff12cda000 	C:\WINDOWS\SYSTEM32\VERSION.dll
0x00007fff1cc10000 - 0x00007fff1cc41000 	C:\WINDOWS\System32\IMM32.DLL
0x00007fff09a00000 - 0x00007fff09a0c000 	C:\Program Files\Java\jdk-11\bin\vcruntime140_1.dll
0x00007ffedf810000 - 0x00007ffedf89e000 	C:\Program Files\Java\jdk-11\bin\msvcp140.dll
0x00007ffeaf6b0000 - 0x00007ffeb0218000 	C:\Program Files\Java\jdk-11\bin\server\jvm.dll
0x00007fff1ce20000 - 0x00007fff1ce28000 	C:\WINDOWS\System32\PSAPI.DLL
0x00007fff0e700000 - 0x00007fff0e709000 	C:\WINDOWS\SYSTEM32\WSOCK32.dll
0x00007fff137f0000 - 0x00007fff13824000 	C:\WINDOWS\SYSTEM32\WINMM.dll
0x00007fff1beb0000 - 0x00007fff1bf21000 	C:\WINDOWS\System32\WS2_32.dll
0x00007fff19db0000 - 0x00007fff19dc8000 	C:\WINDOWS\SYSTEM32\kernel.appcore.dll
0x00007fff09850000 - 0x00007fff09860000 	C:\Program Files\Java\jdk-11\bin\verify.dll
0x00007fff127d0000 - 0x00007fff129fe000 	C:\WINDOWS\SYSTEM32\DBGHELP.DLL
0x00007fff1c460000 - 0x00007fff1c7e9000 	C:\WINDOWS\System32\combase.dll
0x00007fff1cce0000 - 0x00007fff1cdb7000 	C:\WINDOWS\System32\OLEAUT32.dll
0x00007fff04710000 - 0x00007fff04742000 	C:\WINDOWS\SYSTEM32\dbgcore.DLL
0x00007fff1b1d0000 - 0x00007fff1b24b000 	C:\WINDOWS\System32\bcryptPrimitives.dll
0x00007fff078d0000 - 0x00007fff078f8000 	C:\Program Files\Java\jdk-11\bin\java.dll
0x00007fff09470000 - 0x00007fff0947a000 	C:\Program Files\Java\jdk-11\bin\jimage.dll
0x00007fff08180000 - 0x00007fff08197000 	C:\Program Files\Java\jdk-11\bin\zip.dll

dbghelp: loaded successfully - version: 4.0.5 - missing functions: none
symbol engine: initialized successfully - sym options: 0x614 - pdb path: .;C:\Program Files\Java\jdk-11\bin;C:\WINDOWS\SYSTEM32;C:\WINDOWS\WinSxS\amd64_microsoft.windows.common-controls_6595b64144ccf1df_6.0.22621.608_none_a9444ca7c10bb01d;C:\Program Files\Java\jdk-11\bin\server

VM Arguments:
jvm_args: -Dfile.encoding=UTF-8 
java_command: dao.Main
java_class_path (initial): E:\web4\wed\minimap2\build\web\WEB-INF\classes;C:\Users\admin\Downloads\mysql-connector-j-8.0.33\mysql-connector-j-8.0.33\mysql-connector-j-8.0.33.jar;C:\Program Files (x86)\Apache Software Foundation\Tomcat 9.0\bin\tomcat-juli.jar;C:\Program Files (x86)\Apache Software Foundation\Tomcat 9.0\lib\annotations-api.jar;C:\Program Files (x86)\Apache Software Foundation\Tomcat 9.0\lib\catalina-ant.jar;C:\Program Files (x86)\Apache Software Foundation\Tomcat 9.0\lib\catalina-ha.jar;C:\Program Files (x86)\Apache Software Foundation\Tomcat 9.0\lib\catalina-ssi.jar;C:\Program Files (x86)\Apache Software Foundation\Tomcat 9.0\lib\catalina-storeconfig.jar;C:\Program Files (x86)\Apache Software Foundation\Tomcat 9.0\lib\catalina-tribes.jar;C:\Program Files (x86)\Apache Software Foundation\Tomcat 9.0\lib\catalina.jar;C:\Program Files (x86)\Apache Software Foundation\Tomcat 9.0\lib\ecj-4.20.jar;C:\Program Files (x86)\Apache Software Foundation\Tomcat 9.0\lib\el-api.jar;C:\Program Files (x86)\Apache Software Foundation\Tomcat 9.0\lib\jasper-el.jar;C:\Program Files (x86)\Apache Software Foundation\Tomcat 9.0\lib\jasper.jar;C:\Program Files (x86)\Apache Software Foundation\Tomcat 9.0\lib\jaspic-api.jar;C:\Program Files (x86)\Apache Software Foundation\Tomcat 9.0\lib\jsp-api.jar;C:\Program Files (x86)\Apache Software Foundation\Tomcat 9.0\lib\servlet-api.jar;C:\Program Files (x86)\Apache Software Foundation\Tomcat 9.0\lib\tomcat-api.jar;C:\Program Files (x86)\Apache Software Foundation\Tomcat 9.0\lib\tomcat-coyote.jar;C:\Program Files (x86)\Apache Software Foundation\Tomcat 9.0\lib\tomcat-dbcp.jar;C:\Program Files (x86)\Apache Software Foundation\Tomcat 9.0\lib\tomcat-i18n-cs.jar;C:\Program Files (x86)\Apache Software Foundation\Tomcat 9.0\lib\tomcat-i18n-de.jar;C:\Program Files (x86)\Apache Software Foundation\Tomcat 9.0\lib\tomcat-i18n-es.jar;C:\Program Files (x86)\Apache Software Foundation\Tomcat 9.0\lib\tomcat-i18n-fr.jar;C:\Program Files (x86)\Apache
Launcher Type: SUN_STANDARD

[Global flags]
     intx CICompilerCount                          = 4                                         {product} {ergonomic}
     uint ConcGCThreads                            = 3                                         {product} {ergonomic}
     uint G1ConcRefinementThreads                  = 10                                        {product} {ergonomic}
   size_t G1HeapRegionSize                         = 1048576                                   {product} {ergonomic}
    uintx GCDrainStackTargetSize                   = 64                                        {product} {ergonomic}
   size_t InitialHeapSize                          = 134217728                                 {product} {ergonomic}
   size_t MarkStackSize                            = 4194304                                   {product} {ergonomic}
   size_t MaxHeapSize                              = 2128609280                                {product} {ergonomic}
   size_t MinHeapDeltaBytes                        = 1048576                                   {product} {ergonomic}
    uintx NonNMethodCodeHeapSize                   = 5836300                                {pd product} {ergonomic}
    uintx NonProfiledCodeHeapSize                  = 122910970                              {pd product} {ergonomic}
    uintx ProfiledCodeHeapSize                     = 122910970                              {pd product} {ergonomic}
    uintx ReservedCodeCacheSize                    = 251658240                              {pd product} {ergonomic}
     bool SegmentedCodeCache                       = true                                      {product} {ergonomic}
     bool UseCompressedClassPointers               = true                                 {lp64_product} {ergonomic}
     bool UseCompressedOops                        = true                                 {lp64_product} {ergonomic}
     bool UseG1GC                                  = true                                      {product} {ergonomic}
     bool UseLargePagesIndividualAllocation        = false                                  {pd product} {ergonomic}

Logging:
Log output configuration:
 #0: stdout all=warning uptime,level,tags
 #1: stderr all=off uptime,level,tags

Environment Variables:
JAVA_HOME=C:\Program Files\Java\jdk-11\bin
JRE_HOME=C:\Program Files (x86)\Java\jre1.8.0_361
PATH=C:\Program Files\Common Files\Oracle\Java\javapath;C:\Program Files\Microsoft MPI\Bin\;C:\Program Files\Eclipse Adoptium\jdk-17.0.5.8-hotspot\bin;C:\Windows\system32;C:\Windows;C:\Windows\System32\Wbem;C:\Windows\System32\WindowsPowerShell\v1.0\;C:\Windows\System32\OpenSSH\;C:\Program Files (x86)\NVIDIA Corporation\PhysX\Common;C:\Program Files\NVIDIA Corporation\NVIDIA NvDLISR;C:\WINDOWS\system32;C:\WINDOWS;C:\WINDOWS\System32\Wbem;C:\WINDOWS\System32\WindowsPowerShell\v1.0\;C:\WINDOWS\System32\OpenSSH\;C:\Program Files\dotnet\;C:\Program Files (x86)\dotnet\;C:\Users\admin\.vscode\MinGW\bin;C:\sqlite;C:\ProgramData\chocolatey\bin;C:\Program Files\nodejs\;C:\Program Files\Git\cmd;C:\Program Files\Cloudflare\Cloudflare WARP\;C:\Program Files\Azure Data Studio\bin;C:\Program Files (x86)\Microsoft SQL Server\150\DTS\Binn\;C:\Program Files (x86)\Microsoft SQL Server\160\DTS\Binn\;C:\Program Files (x86)\Microsoft SQL Server\160\Tools\Binn\;C:\Program Files\Microsoft SQL Server\160\Tools\Binn\;C:\Program Files\Microsoft SQL Server\Client SDK\ODBC\170\Tools\Binn\;C:\Program Files\Microsoft SQL Server\160\DTS\Binn\;C:\Program Files (x86)\Java\jdk1.8.0_202\bin;C:\Program Files\Java\jdk-11\bin;C:\Users\admin\Downloads\mysql-connector-j-8.0.33\mysql-connector-j-8.0.33\mysql-connector-j-8.0.33.jar;C:\Program Files\Java\jdk-11\bin
USERNAME=pc m?nh nguy?n
OS=Windows_NT
PROCESSOR_IDENTIFIER=Intel64 Family 6 Model 158 Stepping 13, GenuineIntel



---------------  S Y S T E M  ---------------

OS: Windows 11 , 64 bit Build 22621 (10.0.22621.1485)

CPU:total 12 (initial active 12) (6 cores per cpu, 2 threads per core) family 6 model 158 stepping 13 microcode 0xde, cmov, cx8, fxsr, mmx, sse, sse2, sse3, ssse3, sse4.1, sse4.2, popcnt, avx, avx2, aes, clmul, erms, 3dnowpref, lzcnt, ht, tsc, tscinvbit, bmi1, bmi2, adx, fma

Memory: 4k page, system-wide physical 8112M (451M free)
TotalPageFile size 14112M (AvailPageFile size 21M)
current process WorkingSet (physical memory assigned to process): 10M, peak: 10M
current process commit charge ("private bytes"): 64M, peak: 192M

vm_info: Java HotSpot(TM) 64-Bit Server VM (11.0.18+9-LTS-195) for windows-amd64 JRE (11.0.18+9-LTS-195), built on Dec  6 2022 15:50:58 by "mach5one" with MS VC++ 17.1 (VS2022)

END.
